Using pre-set license
Built from '2020.3/staging' branch; Version is '2020.3.21f1 (a38c86f6690f) revision 10718342'; Using compiler version '192528614'; Build Type 'Release'
OS: 'Windows 10 Pro Education; OS build 19044.1706; Version 2009; 64bit' Language: 'es' Physical Memory: 16334 MB
BatchMode: 1, IsHumanControllingUs: 0, StartBugReporterOnCrash: 0, Is64bit: 1, IsPro: 0

COMMAND LINE ARGUMENTS:
C:\Program Files\Unity\Hub\Editor\2020.3.21f1\Editor\Unity.exe
-adb2
-batchMode
-noUpm
-name
AssetImportWorker1
-projectPath
E:/ProyectosUnity/unirproyecto3Mayo/UnirProyecto
-logFile
Logs/AssetImportWorker1.log
-srvPort
63668
Successfully changed project path to: E:/ProyectosUnity/unirproyecto3Mayo/UnirProyecto
E:/ProyectosUnity/unirproyecto3Mayo/UnirProyecto
Using Asset Import Pipeline V2.
Refreshing native plugins compatible for Editor in 49.93 ms, found 3 plugins.
Preloading 0 native plugins for Editor in 0.00 ms.
Initialize engine version: 2020.3.21f1 (a38c86f6690f)
[Subsystems] Discovering subsystems at path C:/Program Files/Unity/Hub/Editor/2020.3.21f1/Editor/Data/Resources/UnitySubsystems
[Subsystems] Discovering subsystems at path E:/ProyectosUnity/unirproyecto3Mayo/UnirProyecto/Assets
GfxDevice: creating device client; threaded=0
Direct3D:
    Version:  Direct3D 11.0 [level 11.1]
    Renderer: NVIDIA GeForce GTX 960 (ID=0x1401)
    Vendor:   
    VRAM:     4053 MB
    Driver:   30.0.14.7141
Initialize mono
Mono path[0] = 'C:/Program Files/Unity/Hub/Editor/2020.3.21f1/Editor/Data/Managed'
Mono path[1] = 'C:/Program Files/Unity/Hub/Editor/2020.3.21f1/Editor/Data/MonoBleedingEdge/lib/mono/unityjit'
Mono config path = 'C:/Program Files/Unity/Hub/Editor/2020.3.21f1/Editor/Data/MonoBleedingEdge/etc'
Using monoOptions --debugger-agent=transport=dt_socket,embedding=1,server=y,suspend=n,address=127.0.0.1:56276
Begin MonoManager ReloadAssembly
Registering precompiled unity dll's ...
Register platform support module: C:/Program Files/Unity/Hub/Editor/2020.3.21f1/Editor/Data/PlaybackEngines/WindowsStandaloneSupport/UnityEditor.WindowsStandalone.Extensions.dll
Registered in 0.001518 seconds.
Native extension for WindowsStandalone target not found
Refreshing native plugins compatible for Editor in 47.71 ms, found 3 plugins.
Preloading 0 native plugins for Editor in 0.00 ms.
Mono: successfully reloaded assembly
- Completed reload, in  1.808 seconds
Domain Reload Profiling:
	ReloadAssembly (1808ms)
		BeginReloadAssembly (45ms)
			ExecutionOrderSort (0ms)
			DisableScriptedObjects (0ms)
			BackupInstance (0ms)
			ReleaseScriptingObjects (0ms)
			CreateAndSetChildDomain (1ms)
		EndReloadAssembly (473ms)
			LoadAssemblies (43ms)
			RebuildTransferFunctionScriptingTraits (0ms)
			SetupTypeCache (221ms)
			ReleaseScriptCaches (0ms)
			RebuildScriptCaches (25ms)
			SetupLoadedEditorAssemblies (152ms)
				LogAssemblyErrors (0ms)
				InitializePlatformSupportModulesInManaged (3ms)
				SetLoadedEditorAssemblies (0ms)
				RefreshPlugins (48ms)
				BeforeProcessingInitializeOnLoad (6ms)
				ProcessInitializeOnLoadAttributes (67ms)
				ProcessInitializeOnLoadMethodAttributes (28ms)
				AfterProcessingInitializeOnLoad (0ms)
				EditorAssembliesLoaded (0ms)
			ExecutionOrderSort2 (0ms)
			AwakeInstancesAfterBackupRestoration (0ms)
Platform modules already initialized, skipping
Registering precompiled user dll's ...
Registered in 0.004373 seconds.
Begin MonoManager ReloadAssembly
Native extension for WindowsStandalone target not found
Refreshing native plugins compatible for Editor in 47.38 ms, found 3 plugins.
Preloading 0 native plugins for Editor in 0.00 ms.
Mono: successfully reloaded assembly
- Completed reload, in  1.000 seconds
Domain Reload Profiling:
	ReloadAssembly (1001ms)
		BeginReloadAssembly (125ms)
			ExecutionOrderSort (0ms)
			DisableScriptedObjects (4ms)
			BackupInstance (0ms)
			ReleaseScriptingObjects (0ms)
			CreateAndSetChildDomain (16ms)
		EndReloadAssembly (818ms)
			LoadAssemblies (86ms)
			RebuildTransferFunctionScriptingTraits (0ms)
			SetupTypeCache (242ms)
			ReleaseScriptCaches (0ms)
			RebuildScriptCaches (44ms)
			SetupLoadedEditorAssemblies (346ms)
				LogAssemblyErrors (0ms)
				InitializePlatformSupportModulesInManaged (3ms)
				SetLoadedEditorAssemblies (0ms)
				RefreshPlugins (47ms)
				BeforeProcessingInitializeOnLoad (70ms)
				ProcessInitializeOnLoadAttributes (207ms)
				ProcessInitializeOnLoadMethodAttributes (13ms)
				AfterProcessingInitializeOnLoad (5ms)
				EditorAssembliesLoaded (0ms)
			ExecutionOrderSort2 (0ms)
			AwakeInstancesAfterBackupRestoration (5ms)
Platform modules already initialized, skipping
========================================================================
Worker process is ready to serve import requests
Launched and connected shader compiler UnityShaderCompiler.exe after 0.05 seconds
Refreshing native plugins compatible for Editor in 0.54 ms, found 3 plugins.
Preloading 0 native plugins for Editor in 0.00 ms.
Unloading 2276 Unused Serialized files (Serialized files now loaded: 0)
System memory in use before: 100.8 MB.
System memory in use after: 101.0 MB.

Unloading 25 unused Assets to reduce memory usage. Loaded Objects now: 2716.
Total: 2.827300 ms (FindLiveObjects: 0.210500 ms CreateObjectMapping: 0.059100 ms MarkObjects: 2.494100 ms  DeleteObjects: 0.062200 ms)

AssetImportParameters requested are different than current active one (requested -> active):
  custom:framework-win-MediaFoundation: 216162199b28c13a410421893ffa2e32 -> 
  custom:video-decoder-ogg-theora: a1e56fd34408186e4bbccfd4996cb3dc -> 
  custom:container-muxer-webm: aa71ff27fc2769a1b78a27578f13a17b -> 
  custom:container-demuxer-webm: 4f35f7cbe854078d1ac9338744f61a02 -> 
  custom:container-demuxer-ogg: 62fdf1f143b41e24485cea50d1cbac27 -> 
  custom:video-encoder-webm-vp8: eb34c28f22e8b96e1ab97ce403110664 -> 
  custom:video-decoder-webm-vp8: 9c59270c3fd7afecdb556c50c9e8de78 -> 
  custom:audio-decoder-ogg-vorbis: bf7c407c2cedff20999df2af8eb42d56 -> 
  custom:audio-encoder-webm-vorbis: bf7c407c2cedff20999df2af8eb42d56 -> 
========================================================================
Received Import Request.
  path: Assets/DialogueData/Nivel_2.asset
  artifactKey: Guid(950620c9cb6d3934c8db3e9970f3c66a) Importer(815301076,1909f56bfc062723c751e8b465ee728b)
Start importing Assets/DialogueData/Nivel_2.asset using Guid(950620c9cb6d3934c8db3e9970f3c66a) Importer(815301076,1909f56bfc062723c751e8b465ee728b)  -> (artifact id: '88dc3d0df885fa03a6acbea199de3b31') in 0.028883 seconds 
  Import took 0.031968 seconds .

========================================================================
Received Import Request.
  Time since last request: 0.000156 seconds.
  path: Assets/DialogueData/intro perks.asset
  artifactKey: Guid(eead7da0508d25b40ba34ba22329b2f3) Importer(815301076,1909f56bfc062723c751e8b465ee728b)
Start importing Assets/DialogueData/intro perks.asset using Guid(eead7da0508d25b40ba34ba22329b2f3) Importer(815301076,1909f56bfc062723c751e8b465ee728b)  -> (artifact id: 'ab41bd306120d12dce643d1c17ebb4ab') in 0.006724 seconds 
  Import took 0.028882 seconds .

========================================================================
Received Import Request.
  Time since last request: 0.000146 seconds.
  path: Assets/DialogueData/intro cambio nivel.asset
  artifactKey: Guid(d86a8357af609104ea5033e48375f6f5) Importer(815301076,1909f56bfc062723c751e8b465ee728b)
Start importing Assets/DialogueData/intro cambio nivel.asset using Guid(d86a8357af609104ea5033e48375f6f5) Importer(815301076,1909f56bfc062723c751e8b465ee728b)  -> (artifact id: '2392918f5c436b0e83a6f1c59e9dff67') in 0.006713 seconds 
  Import took 0.009844 seconds .

========================================================================
Received Import Request.
  Time since last request: 0.000145 seconds.
  path: Assets/DialogueData/Introduccion.asset
  artifactKey: Guid(50b297f28d51d9d4ab352301faf0d2ba) Importer(815301076,1909f56bfc062723c751e8b465ee728b)
Start importing Assets/DialogueData/Introduccion.asset using Guid(50b297f28d51d9d4ab352301faf0d2ba) Importer(815301076,1909f56bfc062723c751e8b465ee728b)  -> (artifact id: '17f38220710c65ee22e11e245abb22aa') in 0.007258 seconds 
  Import took 0.010016 seconds .

========================================================================
Received Import Request.
  Time since last request: 0.000158 seconds.
  path: Assets/DialogueData/Intro saltos.asset
  artifactKey: Guid(69e58db3891b6d246a352707eb9a1f64) Importer(815301076,1909f56bfc062723c751e8b465ee728b)
Start importing Assets/DialogueData/Intro saltos.asset using Guid(69e58db3891b6d246a352707eb9a1f64) Importer(815301076,1909f56bfc062723c751e8b465ee728b)  -> (artifact id: '92e20a613b8e80b43032b79c9ef363af') in 0.006824 seconds 
  Import took 0.009604 seconds .

========================================================================
Received Import Request.
  Time since last request: 0.000160 seconds.
  path: Assets/DialogueData/Intro enemigo.asset
  artifactKey: Guid(4d966c84c38fbcb4399280d70e3fcd09) Importer(815301076,1909f56bfc062723c751e8b465ee728b)
Start importing Assets/DialogueData/Intro enemigo.asset using Guid(4d966c84c38fbcb4399280d70e3fcd09) Importer(815301076,1909f56bfc062723c751e8b465ee728b)  -> (artifact id: 'efc6dfebeaaf95ab2998ea62cf0c46a9') in 0.005582 seconds 
  Import took 0.012332 seconds .

========================================================================
Received Import Request.
  Time since last request: 0.000170 seconds.
  path: Assets/DialogueData/Nivel_3.asset
  artifactKey: Guid(cc5c4f88b86ee1341a1bf3b5d69caf60) Importer(815301076,1909f56bfc062723c751e8b465ee728b)
Start importing Assets/DialogueData/Nivel_3.asset using Guid(cc5c4f88b86ee1341a1bf3b5d69caf60) Importer(815301076,1909f56bfc062723c751e8b465ee728b)  -> (artifact id: '34b5bb8dbcfa586e6e2a0933253f97f9') in 0.005890 seconds 
  Import took 0.008858 seconds .

========================================================================
Received Import Request.
  Time since last request: 54.731804 seconds.
  path: Assets/Scenes/Nivel_5.unity
  artifactKey: Guid(6af6b542237078e409f51bdf1a89f4d8) Importer(815301076,1909f56bfc062723c751e8b465ee728b)
Start importing Assets/Scenes/Nivel_5.unity using Guid(6af6b542237078e409f51bdf1a89f4d8) Importer(815301076,1909f56bfc062723c751e8b465ee728b)  -> (artifact id: '97c3479edf90fab17066ae5a96398095') in 0.003020 seconds 
  Import took 0.006294 seconds .

========================================================================
Received Prepare
Registering precompiled user dll's ...
Registered in 0.004811 seconds.
Begin MonoManager ReloadAssembly
Native extension for WindowsStandalone target not found
Refreshing native plugins compatible for Editor in 0.57 ms, found 3 plugins.
Preloading 0 native plugins for Editor in 0.00 ms.
Mono: successfully reloaded assembly
- Completed reload, in  0.842 seconds
Domain Reload Profiling:
	ReloadAssembly (843ms)
		BeginReloadAssembly (100ms)
			ExecutionOrderSort (0ms)
			DisableScriptedObjects (5ms)
			BackupInstance (0ms)
			ReleaseScriptingObjects (0ms)
			CreateAndSetChildDomain (29ms)
		EndReloadAssembly (685ms)
			LoadAssemblies (82ms)
			RebuildTransferFunctionScriptingTraits (0ms)
			SetupTypeCache (237ms)
			ReleaseScriptCaches (1ms)
			RebuildScriptCaches (37ms)
			SetupLoadedEditorAssemblies (241ms)
				LogAssemblyErrors (0ms)
				InitializePlatformSupportModulesInManaged (4ms)
				SetLoadedEditorAssemblies (0ms)
				RefreshPlugins (1ms)
				BeforeProcessingInitializeOnLoad (63ms)
				ProcessInitializeOnLoadAttributes (158ms)
				ProcessInitializeOnLoadMethodAttributes (9ms)
				AfterProcessingInitializeOnLoad (5ms)
				EditorAssembliesLoaded (0ms)
			ExecutionOrderSort2 (0ms)
			AwakeInstancesAfterBackupRestoration (7ms)
Platform modules already initialized, skipping
Refreshing native plugins compatible for Editor in 0.55 ms, found 3 plugins.
Preloading 0 native plugins for Editor in 0.00 ms.
Unloading 2251 Unused Serialized files (Serialized files now loaded: 0)
System memory in use before: 98.9 MB.
System memory in use after: 99.0 MB.

Unloading 14 unused Assets to reduce memory usage. Loaded Objects now: 2718.
Total: 2.923900 ms (FindLiveObjects: 0.245200 ms CreateObjectMapping: 0.054000 ms MarkObjects: 2.608000 ms  DeleteObjects: 0.015600 ms)

AssetImportParameters requested are different than current active one (requested -> active):
  custom:framework-win-MediaFoundation: 216162199b28c13a410421893ffa2e32 -> 
  custom:video-decoder-ogg-theora: a1e56fd34408186e4bbccfd4996cb3dc -> 
  custom:container-muxer-webm: aa71ff27fc2769a1b78a27578f13a17b -> 
  custom:container-demuxer-webm: 4f35f7cbe854078d1ac9338744f61a02 -> 
  custom:container-demuxer-ogg: 62fdf1f143b41e24485cea50d1cbac27 -> 
  custom:video-encoder-webm-vp8: eb34c28f22e8b96e1ab97ce403110664 -> 
  custom:video-decoder-webm-vp8: 9c59270c3fd7afecdb556c50c9e8de78 -> 
  custom:audio-decoder-ogg-vorbis: bf7c407c2cedff20999df2af8eb42d56 -> 
  custom:audio-encoder-webm-vorbis: bf7c407c2cedff20999df2af8eb42d56 -> 
========================================================================
Received Import Request.
  Time since last request: 1370.197980 seconds.
  path: Assets/unityLogin - copia/anim
  artifactKey: Guid(505d0092bb620b143ae27a368bcac825) Importer(815301076,1909f56bfc062723c751e8b465ee728b)
Start importing Assets/unityLogin - copia/anim using Guid(505d0092bb620b143ae27a368bcac825) Importer(815301076,1909f56bfc062723c751e8b465ee728b)  -> (artifact id: 'ae4e42de94fec75c9473f3f8b6bf0698') in 0.008015 seconds 
  Import took 0.011566 seconds .

========================================================================
Received Import Request.
  Time since last request: 0.679103 seconds.
  path: Assets/unityLogin - copia/sprites
  artifactKey: Guid(dc31cac1aa59843438cbba3992402c90) Importer(815301076,1909f56bfc062723c751e8b465ee728b)
Start importing Assets/unityLogin - copia/sprites using Guid(dc31cac1aa59843438cbba3992402c90) Importer(815301076,1909f56bfc062723c751e8b465ee728b)  -> (artifact id: '7fd57af2fcda960d52034bc9365e0181') in 0.005364 seconds 
  Import took 0.008490 seconds .

========================================================================
Received Import Request.
  Time since last request: 0.167486 seconds.
  path: Assets/unityLogin - copia/sprites/loading.png
  artifactKey: Guid(d6d814bdc173b4c40813993aef12e706) Importer(815301076,1909f56bfc062723c751e8b465ee728b)
Start importing Assets/unityLogin - copia/sprites/loading.png using Guid(d6d814bdc173b4c40813993aef12e706) Importer(815301076,1909f56bfc062723c751e8b465ee728b)  -> (artifact id: '701f80c1c6a781226975d23c4f3eb0c4') in 0.063651 seconds 
  Import took 0.086685 seconds .

========================================================================
Received Import Request.
  Time since last request: 295.603977 seconds.
  path: Assets/unityLogin - copia/Server.cs
  artifactKey: Guid(6f71be2464031ea45af18e377087c647) Importer(815301076,1909f56bfc062723c751e8b465ee728b)
Start importing Assets/unityLogin - copia/Server.cs using Guid(6f71be2464031ea45af18e377087c647) Importer(815301076,1909f56bfc062723c751e8b465ee728b)  -> (artifact id: '770ab12a15e94cda37cebaad571607a8') in 0.007999 seconds 
  Import took 0.011325 seconds .

========================================================================
Received Prepare
Refreshing native plugins compatible for Editor in 4.82 ms, found 3 plugins.
Preloading 0 native plugins for Editor in 0.00 ms.
Unloading 12 Unused Serialized files (Serialized files now loaded: 0)
System memory in use before: 57.9 MB.
System memory in use after: 58.1 MB.

Unloading 12 unused Assets to reduce memory usage. Loaded Objects now: 2724.
Total: 3.342700 ms (FindLiveObjects: 0.226800 ms CreateObjectMapping: 0.055300 ms MarkObjects: 3.050100 ms  DeleteObjects: 0.009600 ms)

AssetImportParameters requested are different than current active one (requested -> active):
  custom:framework-win-MediaFoundation: 216162199b28c13a410421893ffa2e32 -> 
  custom:video-decoder-ogg-theora: a1e56fd34408186e4bbccfd4996cb3dc -> 
  custom:container-muxer-webm: aa71ff27fc2769a1b78a27578f13a17b -> 
  custom:container-demuxer-webm: 4f35f7cbe854078d1ac9338744f61a02 -> 
  custom:container-demuxer-ogg: 62fdf1f143b41e24485cea50d1cbac27 -> 
  custom:video-encoder-webm-vp8: eb34c28f22e8b96e1ab97ce403110664 -> 
  custom:video-decoder-webm-vp8: 9c59270c3fd7afecdb556c50c9e8de78 -> 
  custom:audio-decoder-ogg-vorbis: bf7c407c2cedff20999df2af8eb42d56 -> 
  custom:audio-encoder-webm-vorbis: bf7c407c2cedff20999df2af8eb42d56 -> 
========================================================================
Received Prepare
Refreshing native plugins compatible for Editor in 4.98 ms, found 3 plugins.
Preloading 0 native plugins for Editor in 0.00 ms.
Unloading 12 Unused Serialized files (Serialized files now loaded: 0)
System memory in use before: 57.9 MB.
System memory in use after: 58.1 MB.

Unloading 12 unused Assets to reduce memory usage. Loaded Objects now: 2724.
Total: 3.032500 ms (FindLiveObjects: 0.211500 ms CreateObjectMapping: 0.055000 ms MarkObjects: 2.756200 ms  DeleteObjects: 0.009200 ms)

AssetImportParameters requested are different than current active one (requested -> active):
  custom:framework-win-MediaFoundation: 216162199b28c13a410421893ffa2e32 -> 
  custom:video-decoder-ogg-theora: a1e56fd34408186e4bbccfd4996cb3dc -> 
  custom:container-muxer-webm: aa71ff27fc2769a1b78a27578f13a17b -> 
  custom:container-demuxer-webm: 4f35f7cbe854078d1ac9338744f61a02 -> 
  custom:container-demuxer-ogg: 62fdf1f143b41e24485cea50d1cbac27 -> 
  custom:video-encoder-webm-vp8: eb34c28f22e8b96e1ab97ce403110664 -> 
  custom:video-decoder-webm-vp8: 9c59270c3fd7afecdb556c50c9e8de78 -> 
  custom:audio-decoder-ogg-vorbis: bf7c407c2cedff20999df2af8eb42d56 -> 
  custom:audio-encoder-webm-vorbis: bf7c407c2cedff20999df2af8eb42d56 -> 
AssetImportWorkerClient::OnTransportError - code=2 error=End of file
